2026-04-11T08:50:03.133278696Z [inf]  Starting Container
2026-04-11T08:50:05.026199543Z [inf]    '  |____| .__|_| |_|_| |_\__, | / / / /
2026-04-11T08:50:05.026199984Z [inf]  2026-04-11 08:50:03.950  INFO 1 --- [           main] c.x.l.LoginhouduanApplication            : Starting LoginhouduanApplication using Java 21.0.2 on 0a59206c9c3c with PID 1 (/app/target/loginhouduan-0.0.1-SNAPSHOT.jar started by root in /app)
2026-04-11T08:50:05.026207794Z [inf]  
2026-04-11T08:50:05.026208594Z [inf]  2026-04-11 08:50:03.952  INFO 1 --- [           main] c.x.l.LoginhouduanApplication            : No active profile set, falling back to 1 default profile: "default"
2026-04-11T08:50:05.026214852Z [inf]   =========|_|==============|___/=/_/_/_/
2026-04-11T08:50:05.026219891Z [inf]   :: Spring Boot ::               (v2.6.13)
2026-04-11T08:50:05.026231991Z [inf]  
2026-04-11T08:50:05.026232855Z [inf]    .   ____          _            __ _ _
2026-04-11T08:50:05.026244715Z [inf]   /\\ / ___'_ __ _ _(_)_ __  __ _ \ \ \ \
2026-04-11T08:50:05.026252443Z [inf]  ( ( )\___ | '_ | '_| | '_ \/ _` | \ \ \ \
2026-04-11T08:50:05.026257973Z [inf]   \\/  ___)| |_)| | | | | || (_| |  ) ) ) )
2026-04-11T08:50:05.052528160Z [inf]  2026-04-11 08:50:05.047  INFO 1 --- [           main] .s.d.r.c.RepositoryConfigurationDelegate : Bootstrapping Spring Data JPA repositories in DEFAULT mode.
2026-04-11T08:50:05.161144240Z [inf]  2026-04-11 08:50:05.157  INFO 1 --- [           main] .s.d.r.c.RepositoryConfigurationDelegate : Finished Spring Data repository scanning in 99 ms. Found 3 JPA repository interfaces.
2026-04-11T08:50:06.148558288Z [inf]  2026-04-11 08:50:06.136  INFO 1 --- [           main] o.s.b.w.embedded.tomcat.TomcatWebServer  : Tomcat initialized with port(s): 8080 (http)
2026-04-11T08:50:06.148562151Z [inf]  2026-04-11 08:50:06.144  INFO 1 --- [           main] o.apache.catalina.core.StandardService   : Starting service [Tomcat]
2026-04-11T08:50:06.148566285Z [inf]  2026-04-11 08:50:06.144  INFO 1 --- [           main] org.apache.catalina.core.StandardEngine  : Starting Servlet engine: [Apache Tomcat/9.0.68]
2026-04-11T08:50:06.230874953Z [inf]  2026-04-11 08:50:06.203  INFO 1 --- [           main] o.a.c.c.C.[Tomcat].[localhost].[/]       : Initializing Spring embedded WebApplicationContext
2026-04-11T08:50:06.230878323Z [inf]  2026-04-11 08:50:06.203  INFO 1 --- [           main] w.s.c.ServletWebServerApplicationContext : Root WebApplicationContext: initialization completed in 2159 ms
2026-04-11T08:50:06.607687020Z [inf]  2026-04-11 08:50:06.554  INFO 1 --- [           main] o.hibernate.jpa.internal.util.LogHelper  : HHH000204: Processing PersistenceUnitInfo [name: default]
2026-04-11T08:50:07.082282872Z [inf]  2026-04-11 08:50:07.059  INFO 1 --- [           main] com.zaxxer.hikari.HikariDataSource       : HikariPool-1 - Starting...
2026-04-11T08:50:07.082308916Z [inf]  2026-04-11 08:50:06.747  INFO 1 --- [           main] org.hibernate.Version                    : HHH000412: Hibernate ORM core version 5.6.12.Final
2026-04-11T08:50:07.082317541Z [inf]  2026-04-11 08:50:06.967  INFO 1 --- [           main] o.hibernate.annotations.common.Version   : HCANN000001: Hibernate Commons Annotations {5.1.2.Final}
2026-04-11T08:50:07.527783603Z [inf]  2026-04-11 08:50:07.520  INFO 1 --- [           main] com.zaxxer.hikari.HikariDataSource       : HikariPool-1 - Start completed.
2026-04-11T08:50:07.553561099Z [inf]  2026-04-11 08:50:07.541  INFO 1 --- [           main] org.hibernate.dialect.Dialect            : HHH000400: Using dialect: org.hibernate.dialect.MySQL8Dialect
2026-04-11T08:50:08.300294947Z [inf]  2026-04-11 08:50:08.296  INFO 1 --- [           main] o.h.e.t.j.p.i.JtaPlatformInitiator       : HHH000490: Using JtaPlatform implementation: [org.hibernate.engine.transaction.jta.platform.internal.NoJtaPlatform]
2026-04-11T08:50:08.311247797Z [inf]  2026-04-11 08:50:08.303  INFO 1 --- [           main] j.LocalContainerEntityManagerFactoryBean : Initialized JPA EntityManagerFactory for persistence unit 'default'
2026-04-11T08:50:09.292143344Z [inf]   _ _   |_  _ _|_. ___ _ |    _ 
2026-04-11T08:50:09.292148248Z [inf]  | | |\/|_)(_| | |_\  |_)||_|_\ 
2026-04-11T08:50:09.292151395Z [inf]       /               |         
2026-04-11T08:50:09.292154392Z [inf]                          3.1.0 
2026-04-11T08:50:09.656748744Z [inf]  2026-04-11 08:50:09.645  WARN 1 --- [           main] JpaBaseConfiguration$JpaWebConfiguration : spring.jpa.open-in-view is enabled by default. Therefore, database queries may be performed during view rendering. Explicitly configure spring.jpa.open-in-view to disable this warning
2026-04-11T08:50:10.539593820Z [inf]  2026-04-11 08:50:10.537  INFO 1 --- [           main] o.s.b.w.embedded.tomcat.TomcatWebServer  : Tomcat started on port(s): 8080 (http) with context path ''
2026-04-11T08:50:10.548062555Z [inf]  2026-04-11 08:50:10.543  INFO 1 --- [           main] c.x.l.LoginhouduanApplication            : Started LoginhouduanApplication in 7.196 seconds (JVM running for 7.946)
2026-04-11T08:50:15.121240571Z [inf]  2026-04-11 08:50:14.898  INFO 1 --- [0.0-8080-exec-1] o.a.c.c.C.[Tomcat].[localhost].[/]       : Initializing Spring DispatcherServlet 'dispatcherServlet'
2026-04-11T08:50:15.121244364Z [inf]  2026-04-11 08:50:14.898  INFO 1 --- [0.0-8080-exec-1] o.s.web.servlet.DispatcherServlet        : Initializing Servlet 'dispatcherServlet'
2026-04-11T08:50:15.121247326Z [inf]  2026-04-11 08:50:14.899  INFO 1 --- [0.0-8080-exec-1] o.s.web.servlet.DispatcherServlet        : Completed initialization in 1 ms
2026-04-11T08:50:34.813584953Z [inf]  MiniMax Raw Response: {"base_resp":{"status_code":1004,"status_msg":"login fail: Please carry the API secret key in the 'Authorization' field of the request header"}}